============================= test session starts ==============================
platform darwin -- Python 3.12.12, pytest-9.0.2, pluggy-1.6.0 -- /Users/fawwaz/Developer/mental-entropy/.venv/bin/python3
cachedir: .pytest_cache
rootdir: /Users/fawwaz/Developer/mental-entropy
configfile: pyproject.toml
collecting ... collected 229 items

tests/datagen/test_extract_journal_texts.py::test_iter_journal_texts_basic PASSED [  0%]
tests/datagen/test_extract_journal_texts.py::test_iter_journal_texts_skip_invalid PASSED [  0%]
tests/datagen/test_extract_journal_texts.py::test_iter_journal_texts_invalid_raises PASSED [  1%]
tests/datagen/test_extract_journal_texts.py::test_write_embeddings_skip_invalid_records PASSED [  1%]
tests/datagen/test_synthetic_journals_utils.py::test_count_sentences_basic[One. Two? Three!-3] PASSED [  2%]
tests/datagen/test_synthetic_journals_utils.py::test_count_sentences_basic[Single sentence only.-1] PASSED [  2%]
tests/datagen/test_synthetic_journals_utils.py::test_count_paragraphs_basic[First paragraph.\n\nSecond paragraph.\n\nThird paragraph.-3] PASSED [  3%]
tests/datagen/test_synthetic_journals_utils.py::test_count_paragraphs_basic[Only one paragraph here.-1] PASSED [  3%]
tests/datagen/test_synthetic_journals_utils.py::test_extract_journal_text_from_json[{"journal_text": "Hello world."}-Hello world.] PASSED [  3%]
tests/datagen/test_synthetic_journals_utils.py::test_extract_journal_text_from_json[```json\n{"journal_text": "Hello again."}\n```-Hello again.] PASSED [  4%]
tests/datagen/test_synthetic_journals_utils.py::test_contains_disallowed_terms[I mentioned MES once.-True] PASSED [  4%]
tests/datagen/test_synthetic_journals_utils.py::test_contains_disallowed_terms[I had a normal day.-False] PASSED [  5%]
tests/datagen/test_synthetic_journals_utils.py::test_parse_args_rejects_non_positive_batch_size PASSED [  5%]
tests/datagen/test_synthetic_journals_utils.py::test_count_em_dashes PASSED [  6%]
tests/datagen/test_synthetic_journals_utils.py::test_generate_retries_when_paragraph_count_mismatch PASSED [  6%]
tests/datagen/test_synthetic_journals_utils.py::test_generate_continues_when_entry_fails PASSED [  6%]
tests/datagen/test_synthetic_journals_utils.py::test_generate_append_skips_existing_ids PASSED [  7%]
tests/datagen/test_synthetic_journals_utils.py::test_build_user_prompt_uses_opening_style_and_no_entropy_instruction PASSED [  7%]
tests/features/test_ce_features.py::test_ce_features_returns_exact_keys PASSED [  8%]
tests/features/test_ce_features.py::test_ce_features_all_values_json_serializable PASSED [  8%]
tests/features/test_ce_features.py::test_ce_features_empty_input PASSED  [  9%]
tests/features/test_ce_features.py::test_ce_features_single_sentence PASSED [  9%]
tests/features/test_ce_features.py::test_ce_features_perfectly_coherent PASSED [ 10%]
tests/features/test_ce_features.py::test_ce_features_fragmented_alternating PASSED [ 10%]
tests/features/test_ce_features.py::test_ce_features_sharp_drop PASSED   [ 10%]
tests/features/test_ce_features.py::test_ce_features_raises_on_nan PASSED [ 11%]
tests/features/test_ce_features.py::test_ce_features_raises_on_inf PASSED [ 11%]
tests/features/test_ce_features.py::test_ce_features_from_result PASSED  [ 12%]
tests/features/test_ce_features.py::test_ce_features_from_result_empty PASSED [ 12%]
tests/features/test_ce_features.py::test_ce_features_two_sentences PASSED [ 13%]
tests/features/test_ce_features.py::test_ce_features_percentiles_with_few_values PASSED [ 13%]
tests/features/test_ce_features.py::test_ce_features_longest_coherent_run_mixed PASSED [ 13%]
tests/features/test_ce_features.py::test_ce_features_longest_coherent_run_all_breaks PASSED [ 14%]
tests/features/test_ce_features.py::test_ce_features_low_mass_partial PASSED [ 14%]
tests/features/test_ce_features.py::test_ce_features_skip_connections PASSED [ 15%]
tests/features/test_ce_features.py::test_ce_features_skip_connections_with_breaks PASSED [ 15%]
tests/features/test_cle_features.py::test_cle_features_returns_exact_keys PASSED [ 16%]
tests/features/test_cle_features.py::test_cle_features_all_values_json_serializable PASSED [ 16%]
tests/features/test_cle_features.py::test_cle_features_empty_input PASSED [ 17%]
tests/features/test_cle_features.py::test_cle_features_single_sentence PASSED [ 17%]
tests/features/test_cle_features.py::test_cle_features_length_mismatch_raises PASSED [ 17%]
tests/features/test_cle_features.py::test_cle_features_raises_on_nan PASSED [ 18%]
tests/features/test_cle_features.py::test_cle_features_raises_on_inf PASSED [ 18%]
tests/features/test_cle_features.py::test_cle_features_deterministic PASSED [ 19%]
tests/features/test_cle_features.py::test_cle_fragment_rate_ellipsis PASSED [ 19%]
tests/features/test_cle_features.py::test_cle_fragment_rate_trailing_dash PASSED [ 20%]
tests/features/test_cle_features.py::test_cle_fragment_rate_short_no_verb PASSED [ 20%]
tests/features/test_cle_features.py::test_cle_fragment_rate_conjunction_unfinished PASSED [ 20%]
tests/features/test_cle_features.py::test_cle_fragment_rate_no_verb_long PASSED [ 21%]
tests/features/test_cle_features.py::test_cle_restart_rate PASSED        [ 21%]
tests/features/test_cle_features.py::test_cle_restart_rate_various_cues PASSED [ 22%]
tests/features/test_cle_features.py::test_cle_hedge_rate PASSED          [ 22%]
tests/features/test_cle_features.py::test_cle_hedge_rate_various_cues PASSED [ 23%]
tests/features/test_cle_features.py::test_cle_length_cv_uniform PASSED   [ 23%]
tests/features/test_cle_features.py::test_cle_length_cv_varied PASSED    [ 24%]
tests/features/test_cle_features.py::test_cle_length_cv_calculation PASSED [ 24%]
tests/features/test_cle_features.py::test_cle_punctuation_noise_exclamations PASSED [ 24%]
tests/features/test_cle_features.py::test_cle_punctuation_noise_questions PASSED [ 25%]
tests/features/test_cle_features.py::test_cle_punctuation_noise_repeated_ellipses PASSED [ 25%]
tests/features/test_cle_features.py::test_cle_punctuation_noise_mid_dash PASSED [ 26%]
tests/features/test_cle_features.py::test_cle_adj_sim_identical PASSED   [ 26%]
tests/features/test_cle_features.py::test_cle_adj_sim_orthogonal PASSED  [ 27%]
tests/features/test_cle_features.py::test_cle_adj_sim_varied PASSED      [ 27%]
tests/features/test_cle_features.py::test_cle_zigzag_rate_no_zigzag PASSED [ 27%]
tests/features/test_cle_features.py::test_cle_zigzag_rate_alternating PASSED [ 28%]
tests/features/test_cle_features.py::test_cle_zigzag_rate_with_peaks PASSED [ 28%]
tests/features/test_cle_features.py::test_cle_repetition_score_no_repetition PASSED [ 29%]
tests/features/test_cle_features.py::test_cle_repetition_score_with_repetition PASSED [ 29%]
tests/features/test_cle_features.py::test_cle_repetition_score_identical PASSED [ 30%]
tests/features/test_cle_features.py::test_cle_resume_rate_no_resume PASSED [ 30%]
tests/features/test_cle_features.py::test_cle_resume_rate_with_resume PASSED [ 31%]
tests/features/test_cle_features.py::test_cle_resume_rate_no_high_recovery PASSED [ 31%]
tests/features/test_cle_features.py::test_cle_features_from_result PASSED [ 31%]
tests/features/test_cle_features.py::test_cle_features_from_result_empty PASSED [ 32%]
tests/features/test_cle_features.py::test_cle_features_two_sentences_identical PASSED [ 32%]
tests/features/test_cle_features.py::test_cle_features_two_sentences_orthogonal PASSED [ 33%]
tests/features/test_cle_features.py::test_cle_features_mixed_cognitive_load PASSED [ 33%]
tests/features/test_cle_features.py::test_cle_semantic_break_rate_no_breaks PASSED [ 34%]
tests/features/test_cle_features.py::test_cle_semantic_break_rate_all_breaks PASSED [ 34%]
tests/features/test_cle_features.py::test_cle_semantic_break_rate_mixed PASSED [ 34%]
tests/features/test_cle_features.py::test_cle_semantic_break_rate_first_last_sentences PASSED [ 35%]
tests/features/test_cle_features.py::test_cle_semantic_isolated_rate_no_isolated PASSED [ 35%]
tests/features/test_cle_features.py::test_cle_semantic_isolated_rate_all_isolated PASSED [ 36%]
tests/features/test_cle_features.py::test_cle_semantic_isolated_rate_mixed PASSED [ 36%]
tests/features/test_cle_features.py::test_cle_semantic_isolated_rate_first_last_excluded PASSED [ 37%]
tests/features/test_cle_features.py::test_cle_semantic_isolated_rate_two_sentences PASSED [ 37%]
tests/features/test_cle_features.py::test_cle_semantic_features_relationship PASSED [ 37%]
tests/features/test_ne_features.py::test_ne_features_returns_exact_keys PASSED [ 38%]
tests/features/test_ne_features.py::test_ne_features_all_values_json_serializable PASSED [ 38%]
tests/features/test_ne_features.py::test_ne_features_empty_input PASSED  [ 39%]
tests/features/test_ne_features.py::test_ne_features_single_sentence PASSED [ 39%]
tests/features/test_ne_features.py::test_ne_features_length_mismatch_raises PASSED [ 40%]
tests/features/test_ne_features.py::test_ne_features_raises_on_nan PASSED [ 40%]
tests/features/test_ne_features.py::test_ne_features_raises_on_inf PASSED [ 41%]
tests/features/test_ne_features.py::test_ne_features_deterministic PASSED [ 41%]
tests/features/test_ne_features.py::test_ne_features_identical_embeddings PASSED [ 41%]
tests/features/test_ne_features.py::test_ne_features_orthogonal_embeddings PASSED [ 42%]
tests/features/test_ne_features.py::test_ne_features_arc_pattern PASSED  [ 42%]
tests/features/test_ne_features.py::test_ne_features_positive_consolidation PASSED [ 43%]
tests/features/test_ne_features.py::test_ne_temporal_markers_rate PASSED [ 43%]
tests/features/test_ne_features.py::test_ne_temporal_markers_case_insensitive PASSED [ 44%]
tests/features/test_ne_features.py::test_ne_temporal_jump_rate_no_jumps PASSED [ 44%]
tests/features/test_ne_features.py::test_ne_temporal_jump_rate_with_jump PASSED [ 44%]
tests/features/test_ne_features.py::test_ne_temporal_jump_rate_with_glue_connector PASSED [ 45%]
tests/features/test_ne_features.py::test_ne_temporal_jump_rate_glue_in_first_sentence PASSED [ 45%]
tests/features/test_ne_features.py::test_ne_temporal_jump_rate_future_to_past PASSED [ 46%]
tests/features/test_ne_features.py::test_ne_connectors_rate PASSED       [ 46%]
tests/features/test_ne_features.py::test_ne_reflection_rate PASSED       [ 47%]
tests/features/test_ne_features.py::test_ne_last_sentence_reflective_true PASSED [ 47%]
tests/features/test_ne_features.py::test_ne_last_sentence_reflective_false PASSED [ 48%]
tests/features/test_ne_features.py::test_ne_fragment_rate_short_sentences PASSED [ 48%]
tests/features/test_ne_features.py::test_ne_fragment_rate_no_verb PASSED [ 48%]
tests/features/test_ne_features.py::test_ne_fragment_rate_expanded_verb_detection PASSED [ 49%]
tests/features/test_ne_features.py::test_ne_fragment_rate_irregular_verbs PASSED [ 49%]
tests/features/test_ne_features.py::test_ne_fragment_rate_ellipsis_ending PASSED [ 50%]
tests/features/test_ne_features.py::test_ne_fragment_rate_no_terminal_punct PASSED [ 50%]
tests/features/test_ne_features.py::test_ne_punct_break_rate_ellipsis PASSED [ 51%]
tests/features/test_ne_features.py::test_ne_punct_break_rate_multiple_dashes PASSED [ 51%]
tests/features/test_ne_features.py::test_ne_punct_break_rate_multiple_ellipses PASSED [ 51%]
tests/features/test_ne_features.py::test_ne_punct_break_rate_single_dash PASSED [ 52%]
tests/features/test_ne_features.py::test_ne_features_from_result PASSED  [ 52%]
tests/features/test_ne_features.py::test_ne_features_from_result_empty PASSED [ 53%]
tests/features/test_ne_features.py::test_ne_features_two_sentences_identical PASSED [ 53%]
tests/features/test_ne_features.py::test_ne_features_two_sentences_orthogonal PASSED [ 54%]
tests/features/test_se_features.py::test_se_features_returns_exact_keys PASSED [ 54%]
tests/features/test_se_features.py::test_se_features_all_values_json_serializable PASSED [ 55%]
tests/features/test_se_features.py::test_se_features_empty_input PASSED  [ 55%]
tests/features/test_se_features.py::test_se_features_single_sentence PASSED [ 55%]
tests/features/test_se_features.py::test_se_features_identical_embeddings PASSED [ 56%]
tests/features/test_se_features.py::test_se_features_orthogonal_embeddings PASSED [ 56%]
tests/features/test_se_features.py::test_se_features_two_blocks PASSED   [ 57%]
tests/features/test_se_features.py::test_se_features_alternating_pattern PASSED [ 57%]
tests/features/test_se_features.py::test_se_features_uneven_clusters PASSED [ 58%]
tests/features/test_se_features.py::test_se_features_similar_embeddings_cluster PASSED [ 58%]
tests/features/test_se_features.py::test_se_features_dissimilar_embeddings_separate PASSED [ 58%]
tests/features/test_se_features.py::test_se_features_raises_on_nan PASSED [ 59%]
tests/features/test_se_features.py::test_se_features_raises_on_inf PASSED [ 59%]
tests/features/test_se_features.py::test_se_features_from_result PASSED  [ 60%]
tests/features/test_se_features.py::test_se_features_from_result_empty PASSED [ 60%]
tests/features/test_se_features.py::test_se_features_two_sentences_same PASSED [ 61%]
tests/features/test_se_features.py::test_se_features_two_sentences_different PASSED [ 61%]
tests/features/test_se_features.py::test_se_features_deterministic PASSED [ 62%]
tests/features/test_se_features.py::test_se_features_cluster_labels_stable PASSED [ 62%]
tests/features/test_se_features.py::test_se_features_inter_mean_similar_centroids PASSED [ 62%]
tests/features/test_se_features.py::test_se_features_weighted_switch_small_jumps PASSED [ 63%]
tests/features/test_se_features.py::test_se_features_weighted_switch_big_jumps PASSED [ 63%]
tests/features/test_se_features.py::test_se_features_weighted_switch_mixed PASSED [ 64%]
tests/scoring/test_ablation_profiles.py::test_validate_profile_accepts_known_profiles PASSED [ 64%]
tests/scoring/test_ablation_profiles.py::test_validate_profile_rejects_unknown_profile PASSED [ 65%]
tests/scoring/test_ablation_profiles.py::test_baseline_mapping PASSED    [ 65%]
tests/scoring/test_ablation_profiles.py::test_swap_mapping PASSED        [ 65%]
tests/scoring/test_ablation_profiles.py::test_model_type_for_family PASSED [ 66%]
tests/scoring/test_ablation_utils.py::test_prepare_row_strict_labels_passes_with_labels_only PASSED [ 66%]
tests/scoring/test_ablation_utils.py::test_prepare_row_strict_labels_rejects_top_level_fallback_keys PASSED [ 67%]
tests/scoring/test_ablation_utils.py::test_prepare_row_strict_labels_rejects_entropy_analysis PASSED [ 67%]
tests/scoring/test_ablation_utils.py::test_load_prepared_rows_fails_on_missing_labels PASSED [ 68%]
tests/scoring/test_combiner.py::test_mes_score_exact_formula_and_types PASSED [ 68%]
tests/scoring/test_combiner.py::test_mes_score_boundary_all_zeroes PASSED [ 68%]
tests/scoring/test_combiner.py::test_mes_score_boundary_all_ones PASSED  [ 69%]
tests/scoring/test_combiner.py::test_mes_score_rejects_invalid_inputs[kwargs0-ce must be in] PASSED [ 69%]
tests/scoring/test_combiner.py::test_mes_score_rejects_invalid_inputs[kwargs1-se must be in] PASSED [ 70%]
tests/scoring/test_combiner.py::test_mes_score_rejects_invalid_inputs[kwargs2-ne must be in] PASSED [ 70%]
tests/scoring/test_combiner.py::test_mes_score_rejects_invalid_inputs[kwargs3-cle must be in] PASSED [ 71%]
tests/scoring/test_combiner.py::test_mes_score_rejects_invalid_inputs[kwargs4-ce must be a numeric] PASSED [ 71%]
tests/scoring/test_combiner.py::test_mes_score_rejects_invalid_inputs[kwargs5-se must be a numeric] PASSED [ 72%]
tests/scoring/test_combiner.py::test_mes_score_rejects_invalid_inputs[kwargs6-ne must be a numeric] PASSED [ 72%]
tests/scoring/test_combiner.py::test_mes_score_is_deterministic PASSED   [ 72%]
tests/scoring/test_gam_scorers.py::test_score_gam_valid_input_returns_subscore_result[score_ce-features0-expected_feature_keys0-expected_feature_order0] PASSED [ 73%]
tests/scoring/test_gam_scorers.py::test_score_gam_valid_input_returns_subscore_result[score_ne-features1-expected_feature_keys1-expected_feature_order1] PASSED [ 73%]
tests/scoring/test_gam_scorers.py::test_score_gam_all_zero_features_returns_valid_result[score_ce-zero_features0-expected_feature_keys0-expected_feature_order0] PASSED [ 74%]
tests/scoring/test_gam_scorers.py::test_score_gam_all_zero_features_returns_valid_result[score_ne-zero_features1-expected_feature_keys1-expected_feature_order1] PASSED [ 74%]
tests/scoring/test_gam_scorers.py::test_score_gam_deterministic_for_same_input[score_ce-features0] PASSED [ 75%]
tests/scoring/test_gam_scorers.py::test_score_gam_deterministic_for_same_input[score_ne-features1] PASSED [ 75%]
tests/scoring/test_gam_scorers.py::test_score_gam_result_json_serializable[score_ce-features0] PASSED [ 75%]
tests/scoring/test_gam_scorers.py::test_score_gam_result_json_serializable[score_ne-features1] PASSED [ 76%]
tests/scoring/test_gam_scorers.py::test_score_ce_from_result_matches_direct_call PASSED [ 76%]
tests/scoring/test_gam_scorers.py::test_score_ne_from_result_matches_direct_call PASSED [ 77%]
tests/scoring/test_integration.py::test_full_pipeline_text_to_mes_score PASSED [ 77%]
tests/scoring/test_integration.py::test_result_dataclasses_json_roundtrip PASSED [ 78%]
tests/scoring/test_integration.py::test_top_level_import_mes_score PASSED [ 78%]
tests/scoring/test_scoring_constants.py::test_feature_orders_match_keysets_and_are_sorted[feature_order0-feature_keys0] PASSED [ 79%]
tests/scoring/test_scoring_constants.py::test_feature_orders_match_keysets_and_are_sorted[feature_order1-feature_keys1] PASSED [ 79%]
tests/scoring/test_scoring_constants.py::test_feature_orders_match_keysets_and_are_sorted[feature_order2-feature_keys2] PASSED [ 79%]
tests/scoring/test_scoring_constants.py::test_feature_orders_match_keysets_and_are_sorted[feature_order3-feature_keys3] PASSED [ 80%]
tests/scoring/test_scoring_constants.py::test_monotonicity_maps_only_known_keys_and_valid_directions[monotonicity0-feature_keys0] PASSED [ 80%]
tests/scoring/test_scoring_constants.py::test_monotonicity_maps_only_known_keys_and_valid_directions[monotonicity1-feature_keys1] PASSED [ 81%]
tests/scoring/test_scoring_constants.py::test_monotone_constraints_align_with_feature_order[feature_order0-constraints0] PASSED [ 81%]
tests/scoring/test_scoring_constants.py::test_monotone_constraints_align_with_feature_order[feature_order1-constraints1] PASSED [ 82%]
tests/scoring/test_scoring_loader.py::test_validate_features_valid_input_returns_ordered_float_values PASSED [ 82%]
tests/scoring/test_scoring_loader.py::test_validate_features_missing_keys_raises PASSED [ 82%]
tests/scoring/test_scoring_loader.py::test_validate_features_extra_keys_raises PASSED [ 83%]
tests/scoring/test_scoring_loader.py::test_validate_features_non_numeric_value_raises PASSED [ 83%]
tests/scoring/test_scoring_loader.py::test_load_model_missing_file_raises_without_real_artifacts[joblib-.joblib] PASSED [ 84%]
tests/scoring/test_scoring_loader.py::test_load_model_missing_file_raises_without_real_artifacts[json-.json] PASSED [ 84%]
tests/scoring/test_scoring_types.py::test_subscore_result_frozen_and_slots PASSED [ 85%]
tests/scoring/test_scoring_types.py::test_subscore_result_asdict_json_serializable PASSED [ 85%]
tests/scoring/test_scoring_types.py::test_mes_result_frozen_and_slots PASSED [ 86%]
tests/scoring/test_scoring_types.py::test_mes_result_asdict_json_serializable PASSED [ 86%]
tests/scoring/test_validation.py::test_validation_empty_features_raises_clear_error PASSED [ 86%]
tests/scoring/test_validation.py::test_validation_int_values_are_accepted PASSED [ 87%]
tests/scoring/test_validation.py::test_validation_missing_feature_key_raises_value_error PASSED [ 87%]
tests/scoring/test_validation.py::test_validation_extra_feature_key_raises_value_error PASSED [ 88%]
tests/scoring/test_validation.py::test_validation_all_zero_features_produce_valid_scores PASSED [ 88%]
tests/scoring/test_validation.py::test_validation_score_ranges_enforced_with_clamps PASSED [ 89%]
tests/scoring/test_validation.py::test_validation_stability_100_repeated_calls_identical_output PASSED [ 89%]
tests/scoring/test_validation.py::test_validation_artifact_integrity_outputs_have_no_nan_or_inf PASSED [ 89%]
tests/scoring/test_validation.py::test_validation_serialization_roundtrip_is_deterministic PASSED [ 90%]
tests/scoring/test_xgb_scorers.py::test_score_xgb_valid_input_returns_subscore_result[score_se-features0-expected_feature_keys0-expected_feature_order0] PASSED [ 90%]
tests/scoring/test_xgb_scorers.py::test_score_xgb_valid_input_returns_subscore_result[score_cle-features1-expected_feature_keys1-expected_feature_order1] PASSED [ 91%]
tests/scoring/test_xgb_scorers.py::test_score_xgb_all_zero_features_returns_valid_result[score_se-zero_features0-expected_feature_keys0-expected_feature_order0] PASSED [ 91%]
tests/scoring/test_xgb_scorers.py::test_score_xgb_all_zero_features_returns_valid_result[score_cle-zero_features1-expected_feature_keys1-expected_feature_order1] PASSED [ 92%]
tests/scoring/test_xgb_scorers.py::test_score_xgb_deterministic_for_same_input[score_se-features0] PASSED [ 92%]
tests/scoring/test_xgb_scorers.py::test_score_xgb_deterministic_for_same_input[score_cle-features1] PASSED [ 93%]
tests/scoring/test_xgb_scorers.py::test_score_xgb_result_json_serializable[score_se-features0] PASSED [ 93%]
tests/scoring/test_xgb_scorers.py::test_score_xgb_result_json_serializable[score_cle-features1] PASSED [ 93%]
tests/scoring/test_xgb_scorers.py::test_score_se_from_result_matches_direct_call PASSED [ 94%]
tests/scoring/test_xgb_scorers.py::test_score_cle_from_result_matches_direct_call PASSED [ 94%]
tests/test_embedding_smoke.py::test_using_trained_spacy_model PASSED     [ 95%]
tests/test_embedding_smoke.py::test_embed_journal_entry_basic PASSED     [ 95%]
tests/test_embedding_smoke.py::test_embeddings_are_l2_normalized PASSED  [ 96%]
tests/test_embedding_smoke.py::test_determinism PASSED                   [ 96%]
tests/test_embedding_smoke.py::test_empty_input PASSED                   [ 96%]
tests/test_embedding_smoke.py::test_sentence_order_preserved PASSED      [ 97%]
tests/test_embedding_smoke.py::test_multiline_journal PASSED             [ 97%]
tests/test_embedding_smoke.py::test_punctuation_only_filtered PASSED     [ 98%]
tests/test_embedding_smoke.py::test_output_text_is_unmodified PASSED     [ 98%]
tests/test_embedding_smoke.py::test_embedding_list_length_matches_sentences PASSED [ 99%]
tests/test_embedding_smoke.py::test_long_input_truncation PASSED         [ 99%]
tests/test_embedding_smoke.py::test_mean_pooling_consistent PASSED       [100%]

============================= 229 passed in 8.56s ==============================
